<?xml version="1.0" encoding="UTF-8"?>
<testsuite xmlns:xsi="http://www.w3.org/2001/XMLSchema-instance" xsi:noNamespaceSchemaLocation="https://maven.apache.org/surefire/maven-surefire-plugin/xsd/surefire-test-report.xsd" name="com.google.cloud.AppTest" time="0.042" tests="1" errors="0" skipped="0" failures="0">
  <properties>
    <property name="gopherProxySet" value="false"/>
    <property name="awt.toolkit" value="sun.lwawt.macosx.LWCToolkit"/>
    <property name="file.encoding.pkg" value="sun.io"/>
    <property name="java.specification.version" value="1.8"/>
    <property name="sun.cpu.isalist" value=""/>
    <property name="sun.jnu.encoding" value="UTF-8"/>
    <property name="java.class.path" value="/Users/hgo2/IdeaProjects/google-dataflow-pipelines/pubsub-to-gcs/pubsub-item-gcs/target/test-classes:/Users/hgo2/IdeaProjects/google-dataflow-pipelines/pubsub-to-gcs/pubsub-item-gcs/target/classes:/Users/hgo2/.m2/repository/org/apache/beam/beam-sdks-java-core/2.19.0/beam-sdks-java-core-2.19.0.jar:/Users/hgo2/.m2/repository/org/apache/beam/beam-model-pipeline/2.19.0/beam-model-pipeline-2.19.0.jar:/Users/hgo2/.m2/repository/org/apache/beam/beam-model-job-management/2.19.0/beam-model-job-management-2.19.0.jar:/Users/hgo2/.m2/repository/org/apache/beam/beam-vendor-bytebuddy-1_9_3/0.1/beam-vendor-bytebuddy-1_9_3-0.1.jar:/Users/hgo2/.m2/repository/org/apache/beam/beam-vendor-guava-26_0-jre/0.1/beam-vendor-guava-26_0-jre-0.1.jar:/Users/hgo2/.m2/repository/com/google/code/findbugs/jsr305/3.0.2/jsr305-3.0.2.jar:/Users/hgo2/.m2/repository/com/fasterxml/jackson/core/jackson-annotations/2.9.10/jackson-annotations-2.9.10.jar:/Users/hgo2/.m2/repository/com/fasterxml/jackson/core/jackson-databind/2.9.10/jackson-databind-2.9.10.jar:/Users/hgo2/.m2/repository/org/slf4j/slf4j-api/1.7.25/slf4j-api-1.7.25.jar:/Users/hgo2/.m2/repository/org/apache/avro/avro/1.8.2/avro-1.8.2.jar:/Users/hgo2/.m2/repository/org/codehaus/jackson/jackson-core-asl/1.9.13/jackson-core-asl-1.9.13.jar:/Users/hgo2/.m2/repository/org/codehaus/jackson/jackson-mapper-asl/1.9.13/jackson-mapper-asl-1.9.13.jar:/Users/hgo2/.m2/repository/com/thoughtworks/paranamer/paranamer/2.7/paranamer-2.7.jar:/Users/hgo2/.m2/repository/org/apache/commons/commons-compress/1.8.1/commons-compress-1.8.1.jar:/Users/hgo2/.m2/repository/org/xerial/snappy/snappy-java/1.1.4/snappy-java-1.1.4.jar:/Users/hgo2/.m2/repository/joda-time/joda-time/2.10.3/joda-time-2.10.3.jar:/Users/hgo2/.m2/repository/org/tukaani/xz/1.8/xz-1.8.jar:/Users/hgo2/.m2/repository/org/apache/beam/beam-sdks-java-io-google-cloud-platform/2.19.0/beam-sdks-java-io-google-cloud-platform-2.19.0.jar:/Users/hgo2/.m2/repository/org/apache/beam/beam-sdks-java-extensions-google-cloud-platform-core/2.19.0/beam-sdks-java-extensions-google-cloud-platform-core-2.19.0.jar:/Users/hgo2/.m2/repository/com/google/cloud/bigdataoss/gcsio/1.9.16/gcsio-1.9.16.jar:/Users/hgo2/.m2/repository/com/google/apis/google-api-services-cloudresourcemanager/v1-rev20181015-1.28.0/google-api-services-cloudresourcemanager-v1-rev20181015-1.28.0.jar:/Users/hgo2/.m2/repository/org/apache/beam/beam-sdks-java-extensions-protobuf/2.19.0/beam-sdks-java-extensions-protobuf-2.19.0.jar:/Users/hgo2/.m2/repository/com/google/cloud/bigdataoss/util/1.9.16/util-1.9.16.jar:/Users/hgo2/.m2/repository/com/google/api-client/google-api-client-java6/1.27.0/google-api-client-java6-1.27.0.jar:/Users/hgo2/.m2/repository/com/google/api-client/google-api-client-jackson2/1.27.0/google-api-client-jackson2-1.27.0.jar:/Users/hgo2/.m2/repository/com/google/oauth-client/google-oauth-client/1.27.0/google-oauth-client-1.27.0.jar:/Users/hgo2/.m2/repository/com/google/oauth-client/google-oauth-client-java6/1.27.0/google-oauth-client-java6-1.27.0.jar:/Users/hgo2/.m2/repository/com/google/flogger/google-extensions/0.3.1/google-extensions-0.3.1.jar:/Users/hgo2/.m2/repository/com/google/flogger/flogger/0.3.1/flogger-0.3.1.jar:/Users/hgo2/.m2/repository/com/google/flogger/flogger-system-backend/0.3.1/flogger-system-backend-0.3.1.jar:/Users/hgo2/.m2/repository/com/google/api-client/google-api-client/1.28.0/google-api-client-1.28.0.jar:/Users/hgo2/.m2/repository/com/google/http-client/google-http-client-apache/2.0.0/google-http-client-apache-2.0.0.jar:/Users/hgo2/.m2/repository/org/apache/httpcomponents/httpclient/4.5.5/httpclient-4.5.5.jar:/Users/hgo2/.m2/repository/org/apache/httpcomponents/httpcore/4.4.9/httpcore-4.4.9.jar:/Users/hgo2/.m2/repository/commons-codec/commons-codec/1.10/commons-codec-1.10.jar:/Users/hgo2/.m2/repository/com/google/apis/google-api-services-bigquery/v2-rev20181221-1.28.0/google-api-services-bigquery-v2-rev20181221-1.28.0.jar:/Users/hgo2/.m2/repository/com/google/apis/google-api-services-pubsub/v1-rev20191111-1.28.0/google-api-services-pubsub-v1-rev20191111-1.28.0.jar:/Users/hgo2/.m2/repository/com/google/auth/google-auth-library-credentials/0.19.0/google-auth-library-credentials-0.19.0.jar:/Users/hgo2/.m2/repository/com/google/auth/google-auth-library-oauth2-http/0.19.0/google-auth-library-oauth2-http-0.19.0.jar:/Users/hgo2/.m2/repository/com/google/cloud/google-cloud-bigquerystorage/0.79.0-alpha/google-cloud-bigquerystorage-0.79.0-alpha.jar:/Users/hgo2/.m2/repository/com/google/api/grpc/grpc-google-cloud-bigquerystorage-v1beta1/0.44.0/grpc-google-cloud-bigquerystorage-v1beta1-0.44.0.jar:/Users/hgo2/.m2/repository/javax/annotation/javax.annotation-api/1.2/javax.annotation-api-1.2.jar:/Users/hgo2/.m2/repository/com/google/cloud/bigtable/bigtable-client-core/1.8.0/bigtable-client-core-1.8.0.jar:/Users/hgo2/.m2/repository/com/google/cloud/google-cloud-bigtable/0.73.0-alpha/google-cloud-bigtable-0.73.0-alpha.jar:/Users/hgo2/.m2/repository/com/google/cloud/google-cloud-bigtable-admin/0.73.0-alpha/google-cloud-bigtable-admin-0.73.0-alpha.jar:/Users/hgo2/.m2/repository/com/google/api/grpc/grpc-google-common-protos/1.12.0/grpc-google-common-protos-1.12.0.jar:/Users/hgo2/.m2/repository/com/google/api/grpc/proto-google-cloud-bigtable-admin-v2/0.38.0/proto-google-cloud-bigtable-admin-v2-0.38.0.jar:/Users/hgo2/.m2/repository/com/google/api/grpc/grpc-google-cloud-bigtable-v2/0.38.0/grpc-google-cloud-bigtable-v2-0.38.0.jar:/Users/hgo2/.m2/repository/com/google/api/grpc/grpc-google-cloud-bigtable-admin-v2/0.38.0/grpc-google-cloud-bigtable-admin-v2-0.38.0.jar:/Users/hgo2/.m2/repository/commons-logging/commons-logging/1.2/commons-logging-1.2.jar:/Users/hgo2/.m2/repository/com/google/cloud/google-cloud-core-http/1.55.0/google-cloud-core-http-1.55.0.jar:/Users/hgo2/.m2/repository/com/google/http-client/google-http-client-appengine/1.27.0/google-http-client-appengine-1.27.0.jar:/Users/hgo2/.m2/repository/com/google/api/gax-httpjson/0.52.0/gax-httpjson-0.52.0.jar:/Users/hgo2/.m2/repository/io/opencensus/opencensus-contrib-grpc-util/0.15.0/opencensus-contrib-grpc-util-0.15.0.jar:/Users/hgo2/.m2/repository/io/dropwizard/metrics/metrics-core/3.1.2/metrics-core-3.1.2.jar:/Users/hgo2/.m2/repository/com/google/cloud/google-cloud-core/1.61.0/google-cloud-core-1.61.0.jar:/Users/hgo2/.m2/repository/com/google/protobuf/protobuf-java-util/3.6.1/protobuf-java-util-3.6.1.jar:/Users/hgo2/.m2/repository/com/google/cloud/google-cloud-core-grpc/1.61.0/google-cloud-core-grpc-1.61.0.jar:/Users/hgo2/.m2/repository/com/google/cloud/datastore/datastore-v1-proto-client/1.6.3/datastore-v1-proto-client-1.6.3.jar:/Users/hgo2/.m2/repository/com/google/http-client/google-http-client-protobuf/1.33.0/google-http-client-protobuf-1.33.0.jar:/Users/hgo2/.m2/repository/com/google/cloud/google-cloud-spanner/1.6.0/google-cloud-spanner-1.6.0.jar:/Users/hgo2/.m2/repository/com/google/api/grpc/proto-google-cloud-spanner-v1/1.6.0/proto-google-cloud-spanner-v1-1.6.0.jar:/Users/hgo2/.m2/repository/com/google/api/grpc/proto-google-cloud-spanner-admin-instance-v1/1.6.0/proto-google-cloud-spanner-admin-instance-v1-1.6.0.jar:/Users/hgo2/.m2/repository/com/google/api/grpc/grpc-google-cloud-spanner-v1/1.6.0/grpc-google-cloud-spanner-v1-1.6.0.jar:/Users/hgo2/.m2/repository/com/google/api/grpc/grpc-google-cloud-spanner-admin-database-v1/1.6.0/grpc-google-cloud-spanner-admin-database-v1-1.6.0.jar:/Users/hgo2/.m2/repository/com/google/api/grpc/grpc-google-cloud-spanner-admin-instance-v1/1.6.0/grpc-google-cloud-spanner-admin-instance-v1-1.6.0.jar:/Users/hgo2/.m2/repository/com/google/http-client/google-http-client/1.28.0/google-http-client-1.28.0.jar:/Users/hgo2/.m2/repository/com/google/j2objc/j2objc-annotations/1.1/j2objc-annotations-1.1.jar:/Users/hgo2/.m2/repository/io/opencensus/opencensus-contrib-http-util/0.18.0/opencensus-contrib-http-util-0.18.0.jar:/Users/hgo2/.m2/repository/com/google/http-client/google-http-client-jackson2/1.28.0/google-http-client-jackson2-1.28.0.jar:/Users/hgo2/.m2/repository/com/google/api/grpc/grpc-google-cloud-pubsub-v1/1.83.0/grpc-google-cloud-pubsub-v1-1.83.0.jar:/Users/hgo2/.m2/repository/com/google/guava/guava/25.1-jre/guava-25.1-jre.jar:/Users/hgo2/.m2/repository/org/checkerframework/checker-qual/2.0.0/checker-qual-2.0.0.jar:/Users/hgo2/.m2/repository/org/codehaus/mojo/animal-sniffer-annotations/1.14/animal-sniffer-annotations-1.14.jar:/Users/hgo2/.m2/repository/io/netty/netty-handler/4.1.30.Final/netty-handler-4.1.30.Final.jar:/Users/hgo2/.m2/repository/io/netty/netty-buffer/4.1.30.Final/netty-buffer-4.1.30.Final.jar:/Users/hgo2/.m2/repository/io/netty/netty-common/4.1.30.Final/netty-common-4.1.30.Final.jar:/Users/hgo2/.m2/repository/io/netty/netty-transport/4.1.30.Final/netty-transport-4.1.30.Final.jar:/Users/hgo2/.m2/repository/io/netty/netty-resolver/4.1.30.Final/netty-resolver-4.1.30.Final.jar:/Users/hgo2/.m2/repository/io/netty/netty-codec/4.1.30.Final/netty-codec-4.1.30.Final.jar:/Users/hgo2/.m2/repository/io/netty/netty-tcnative-boringssl-static/2.0.17.Final/netty-tcnative-boringssl-static-2.0.17.Final.jar:/Users/hgo2/.m2/repository/com/google/api/grpc/proto-google-cloud-bigquerystorage-v1beta1/0.83.0/proto-google-cloud-bigquerystorage-v1beta1-0.83.0.jar:/Users/hgo2/.m2/repository/com/google/api/grpc/proto-google-cloud-bigtable-v2/0.44.0/proto-google-cloud-bigtable-v2-0.44.0.jar:/Users/hgo2/.m2/repository/com/google/api/grpc/proto-google-cloud-datastore-v1/0.44.0/proto-google-cloud-datastore-v1-0.44.0.jar:/Users/hgo2/.m2/repository/com/google/api/grpc/proto-google-cloud-pubsub-v1/1.83.0/proto-google-cloud-pubsub-v1-1.83.0.jar:/Users/hgo2/.m2/repository/com/google/api/grpc/proto-google-cloud-spanner-admin-database-v1/1.6.0/proto-google-cloud-spanner-admin-database-v1-1.6.0.jar:/Users/hgo2/.m2/repository/com/google/api/grpc/proto-google-common-protos/1.17.0/proto-google-common-protos-1.17.0.jar:/Users/hgo2/.m2/repository/com/google/protobuf/protobuf-java/3.11.1/protobuf-java-3.11.1.jar:/Users/hgo2/.m2/repository/org/apache/beam/beam-sdks-java-io-jdbc/2.19.0/beam-sdks-java-io-jdbc-2.19.0.jar:/Users/hgo2/.m2/repository/org/apache/commons/commons-dbcp2/2.6.0/commons-dbcp2-2.6.0.jar:/Users/hgo2/.m2/repository/org/apache/commons/commons-pool2/2.6.1/commons-pool2-2.6.1.jar:/Users/hgo2/.m2/repository/org/apache/beam/beam-runners-google-cloud-dataflow-java/2.19.0/beam-runners-google-cloud-dataflow-java-2.19.0.jar:/Users/hgo2/.m2/repository/org/apache/beam/beam-runners-core-construction-java/2.19.0/beam-runners-core-construction-java-2.19.0.jar:/Users/hgo2/.m2/repository/io/github/classgraph/classgraph/4.8.56/classgraph-4.8.56.jar:/Users/hgo2/.m2/repository/com/google/apis/google-api-services-clouddebugger/v2-rev20181114-1.28.0/google-api-services-clouddebugger-v2-rev20181114-1.28.0.jar:/Users/hgo2/.m2/repository/com/google/apis/google-api-services-dataflow/v1b3-rev20190927-1.28.0/google-api-services-dataflow-v1b3-rev20190927-1.28.0.jar:/Users/hgo2/.m2/repository/com/google/apis/google-api-services-storage/v1-rev20181109-1.28.0/google-api-services-storage-v1-rev20181109-1.28.0.jar:/Users/hgo2/.m2/repository/org/apache/beam/beam-vendor-grpc-1_21_0/0.1/beam-vendor-grpc-1_21_0-0.1.jar:/Users/hgo2/.m2/repository/org/apache/beam/beam-sdks-java-io-jms/2.19.0/beam-sdks-java-io-jms-2.19.0.jar:/Users/hgo2/.m2/repository/org/apache/geronimo/specs/geronimo-jms_1.1_spec/1.1.1/geronimo-jms_1.1_spec-1.1.1.jar:/Users/hgo2/.m2/repository/org/apache/beam/beam-runners-direct-java/2.19.0/beam-runners-direct-java-2.19.0.jar:/Users/hgo2/.m2/repository/args4j/args4j/2.33/args4j-2.33.jar:/Users/hgo2/.m2/repository/com/tibco/tibjms/8.5.1/tibjms-8.5.1.jar:/Users/hgo2/.m2/repository/com/tibco/jms-2.0/8.5.1/jms-2.0-8.5.1.jar:/Users/hgo2/.m2/repository/org/apache/commons/commons-csv/1.5/commons-csv-1.5.jar:/Users/hgo2/.m2/repository/org/everit/json/org.everit.json.schema/1.5.1/org.everit.json.schema-1.5.1.jar:/Users/hgo2/.m2/repository/org/json/json/20160810/json-20160810.jar:/Users/hgo2/.m2/repository/commons-validator/commons-validator/1.5.1/commons-validator-1.5.1.jar:/Users/hgo2/.m2/repository/commons-beanutils/commons-beanutils/1.9.2/commons-beanutils-1.9.2.jar:/Users/hgo2/.m2/repository/commons-digester/commons-digester/1.8.1/commons-digester-1.8.1.jar:/Users/hgo2/.m2/repository/commons-collections/commons-collections/3.2.2/commons-collections-3.2.2.jar:/Users/hgo2/.m2/repository/com/fasterxml/jackson/core/jackson-core/2.10.2/jackson-core-2.10.2.jar:/Users/hgo2/.m2/repository/com/fasterxml/jackson/datatype/jackson-datatype-jsr310/2.10.2/jackson-datatype-jsr310-2.10.2.jar:/Users/hgo2/.m2/repository/io/vavr/vavr-jackson/0.10.2/vavr-jackson-0.10.2.jar:/Users/hgo2/.m2/repository/io/opencensus/opencensus-api/0.24.0/opencensus-api-0.24.0.jar:/Users/hgo2/.m2/repository/io/grpc/grpc-context/1.22.1/grpc-context-1.22.1.jar:/Users/hgo2/.m2/repository/org/apache/activemq/activemq-all/5.15.11/activemq-all-5.15.11.jar:/Users/hgo2/.m2/repository/io/vavr/vavr/0.10.2/vavr-0.10.2.jar:/Users/hgo2/.m2/repository/io/vavr/vavr-match/0.10.2/vavr-match-0.10.2.jar:/Users/hgo2/.m2/repository/com/fasterxml/jackson/dataformat/jackson-dataformat-xml/2.10.2/jackson-dataformat-xml-2.10.2.jar:/Users/hgo2/.m2/repository/com/fasterxml/jackson/module/jackson-module-jaxb-annotations/2.10.2/jackson-module-jaxb-annotations-2.10.2.jar:/Users/hgo2/.m2/repository/jakarta/xml/bind/jakarta.xml.bind-api/2.3.2/jakarta.xml.bind-api-2.3.2.jar:/Users/hgo2/.m2/repository/jakarta/activation/jakarta.activation-api/1.2.1/jakarta.activation-api-1.2.1.jar:/Users/hgo2/.m2/repository/org/codehaus/woodstox/stax2-api/4.2/stax2-api-4.2.jar:/Users/hgo2/.m2/repository/com/fasterxml/woodstox/woodstox-core/6.0.3/woodstox-core-6.0.3.jar:/Users/hgo2/.m2/repository/com/google/auto/service/auto-service/1.0-rc6/auto-service-1.0-rc6.jar:/Users/hgo2/.m2/repository/com/google/auto/service/auto-service-annotations/1.0-rc6/auto-service-annotations-1.0-rc6.jar:/Users/hgo2/.m2/repository/com/google/auto/auto-common/0.10/auto-common-0.10.jar:/Users/hgo2/.m2/repository/com/google/cloud/google-cloud-secretmanager/0.3.0/google-cloud-secretmanager-0.3.0.jar:/Users/hgo2/.m2/repository/io/grpc/grpc-api/1.27.2/grpc-api-1.27.2.jar:/Users/hgo2/.m2/repository/io/grpc/grpc-stub/1.27.2/grpc-stub-1.27.2.jar:/Users/hgo2/.m2/repository/com/google/api/api-common/1.8.1/api-common-1.8.1.jar:/Users/hgo2/.m2/repository/com/google/api/grpc/proto-google-iam-v1/0.13.0/proto-google-iam-v1-0.13.0.jar:/Users/hgo2/.m2/repository/com/google/api/grpc/proto-google-cloud-secretmanager-v1/0.3.0/proto-google-cloud-secretmanager-v1-0.3.0.jar:/Users/hgo2/.m2/repository/com/google/api/grpc/proto-google-cloud-secretmanager-v1beta1/0.3.0/proto-google-cloud-secretmanager-v1beta1-0.3.0.jar:/Users/hgo2/.m2/repository/com/google/api/gax/1.54.0/gax-1.54.0.jar:/Users/hgo2/.m2/repository/com/google/api/gax-grpc/1.54.0/gax-grpc-1.54.0.jar:/Users/hgo2/.m2/repository/io/grpc/grpc-auth/1.27.2/grpc-auth-1.27.2.jar:/Users/hgo2/.m2/repository/io/grpc/grpc-netty-shaded/1.27.2/grpc-netty-shaded-1.27.2.jar:/Users/hgo2/.m2/repository/io/grpc/grpc-alts/1.27.2/grpc-alts-1.27.2.jar:/Users/hgo2/.m2/repository/io/grpc/grpc-grpclb/1.27.2/grpc-grpclb-1.27.2.jar:/Users/hgo2/.m2/repository/org/apache/commons/commons-lang3/3.5/commons-lang3-3.5.jar:/Users/hgo2/.m2/repository/org/conscrypt/conscrypt-openjdk-uber/2.2.1/conscrypt-openjdk-uber-2.2.1.jar:/Users/hgo2/.m2/repository/org/threeten/threetenbp/1.4.1/threetenbp-1.4.1.jar:/Users/hgo2/.m2/repository/org/projectlombok/lombok/1.18.12/lombok-1.18.12.jar:/Users/hgo2/.m2/repository/com/oracle/ojdbc8/19.3/ojdbc8-19.3.jar:/Users/hgo2/.m2/repository/com/oracle/ucp/19.3/ucp-19.3.jar:/Users/hgo2/.m2/repository/com/ibm/mq/com.ibm.mq.allclient/9.1.4.0/com.ibm.mq.allclient-9.1.4.0.jar:/Users/hgo2/.m2/repository/org/bouncycastle/bcprov-jdk15on/1.64/bcprov-jdk15on-1.64.jar:/Users/hgo2/.m2/repository/org/bouncycastle/bcpkix-jdk15on/1.64/bcpkix-jdk15on-1.64.jar:/Users/hgo2/.m2/repository/javax/jms/javax.jms-api/2.0.1/javax.jms-api-2.0.1.jar:/Users/hgo2/.m2/repository/org/jvnet/jaxb2_commons/jaxb2-basics-runtime/1.11.1/jaxb2-basics-runtime-1.11.1.jar:/Users/hgo2/.m2/repository/com/google/cloud/google-cloud-pubsub/1.103.1/google-cloud-pubsub-1.103.1.jar:/Users/hgo2/.m2/repository/io/grpc/grpc-core/1.27.2/grpc-core-1.27.2.jar:/Users/hgo2/.m2/repository/com/google/code/gson/gson/2.8.6/gson-2.8.6.jar:/Users/hgo2/.m2/repository/com/google/android/annotations/4.1.1.4/annotations-4.1.1.4.jar:/Users/hgo2/.m2/repository/io/perfmark/perfmark-api/0.19.0/perfmark-api-0.19.0.jar:/Users/hgo2/.m2/repository/com/google/errorprone/error_prone_annotations/2.3.4/error_prone_annotations-2.3.4.jar:/Users/hgo2/.m2/repository/com/google/auto/value/auto-value-annotations/1.7/auto-value-annotations-1.7.jar:/Users/hgo2/.m2/repository/io/grpc/grpc-protobuf/1.27.2/grpc-protobuf-1.27.2.jar:/Users/hgo2/.m2/repository/io/grpc/grpc-protobuf-lite/1.27.2/grpc-protobuf-lite-1.27.2.jar:/Users/hgo2/.m2/repository/org/hamcrest/hamcrest/2.2/hamcrest-2.2.jar:/Users/hgo2/.m2/repository/junit/junit/4.11/junit-4.11.jar:/Users/hgo2/.m2/repository/org/hamcrest/hamcrest-core/1.3/hamcrest-core-1.3.jar:"/>
    <property name="java.vm.vendor" value="Oracle Corporation"/>
    <property name="sun.arch.data.model" value="64"/>
    <property name="java.vendor.url" value="http://java.oracle.com/"/>
    <property name="user.timezone" value=""/>
    <property name="java.vm.specification.version" value="1.8"/>
    <property name="os.name" value="Mac OS X"/>
    <property name="user.country" value="US"/>
    <property name="sun.java.launcher" value="SUN_STANDARD"/>
    <property name="sun.boot.library.path" value="/Library/Java/JavaVirtualMachines/jdk1.8.0_211.jdk/Contents/Home/jre/lib"/>
    <property name="sun.java.command" value="/Users/hgo2/IdeaProjects/google-dataflow-pipelines/pubsub-to-gcs/pubsub-item-gcs/target/surefire/surefirebooter8806184257227413532.jar /Users/hgo2/IdeaProjects/google-dataflow-pipelines/pubsub-to-gcs/pubsub-item-gcs/target/surefire 2021-01-05T11-34-44_316-jvmRun1 surefire5753316667827938188tmp surefire_15821173912363431837tmp"/>
    <property name="http.nonProxyHosts" value="local|*.local|169.254/16|*.169.254/16"/>
    <property name="surefire.test.class.path" value="/Users/hgo2/IdeaProjects/google-dataflow-pipelines/pubsub-to-gcs/pubsub-item-gcs/target/test-classes:/Users/hgo2/IdeaProjects/google-dataflow-pipelines/pubsub-to-gcs/pubsub-item-gcs/target/classes:/Users/hgo2/.m2/repository/org/apache/beam/beam-sdks-java-core/2.19.0/beam-sdks-java-core-2.19.0.jar:/Users/hgo2/.m2/repository/org/apache/beam/beam-model-pipeline/2.19.0/beam-model-pipeline-2.19.0.jar:/Users/hgo2/.m2/repository/org/apache/beam/beam-model-job-management/2.19.0/beam-model-job-management-2.19.0.jar:/Users/hgo2/.m2/repository/org/apache/beam/beam-vendor-bytebuddy-1_9_3/0.1/beam-vendor-bytebuddy-1_9_3-0.1.jar:/Users/hgo2/.m2/repository/org/apache/beam/beam-vendor-guava-26_0-jre/0.1/beam-vendor-guava-26_0-jre-0.1.jar:/Users/hgo2/.m2/repository/com/google/code/findbugs/jsr305/3.0.2/jsr305-3.0.2.jar:/Users/hgo2/.m2/repository/com/fasterxml/jackson/core/jackson-annotations/2.9.10/jackson-annotations-2.9.10.jar:/Users/hgo2/.m2/repository/com/fasterxml/jackson/core/jackson-databind/2.9.10/jackson-databind-2.9.10.jar:/Users/hgo2/.m2/repository/org/slf4j/slf4j-api/1.7.25/slf4j-api-1.7.25.jar:/Users/hgo2/.m2/repository/org/apache/avro/avro/1.8.2/avro-1.8.2.jar:/Users/hgo2/.m2/repository/org/codehaus/jackson/jackson-core-asl/1.9.13/jackson-core-asl-1.9.13.jar:/Users/hgo2/.m2/repository/org/codehaus/jackson/jackson-mapper-asl/1.9.13/jackson-mapper-asl-1.9.13.jar:/Users/hgo2/.m2/repository/com/thoughtworks/paranamer/paranamer/2.7/paranamer-2.7.jar:/Users/hgo2/.m2/repository/org/apache/commons/commons-compress/1.8.1/commons-compress-1.8.1.jar:/Users/hgo2/.m2/repository/org/xerial/snappy/snappy-java/1.1.4/snappy-java-1.1.4.jar:/Users/hgo2/.m2/repository/joda-time/joda-time/2.10.3/joda-time-2.10.3.jar:/Users/hgo2/.m2/repository/org/tukaani/xz/1.8/xz-1.8.jar:/Users/hgo2/.m2/repository/org/apache/beam/beam-sdks-java-io-google-cloud-platform/2.19.0/beam-sdks-java-io-google-cloud-platform-2.19.0.jar:/Users/hgo2/.m2/repository/org/apache/beam/beam-sdks-java-extensions-google-cloud-platform-core/2.19.0/beam-sdks-java-extensions-google-cloud-platform-core-2.19.0.jar:/Users/hgo2/.m2/repository/com/google/cloud/bigdataoss/gcsio/1.9.16/gcsio-1.9.16.jar:/Users/hgo2/.m2/repository/com/google/apis/google-api-services-cloudresourcemanager/v1-rev20181015-1.28.0/google-api-services-cloudresourcemanager-v1-rev20181015-1.28.0.jar:/Users/hgo2/.m2/repository/org/apache/beam/beam-sdks-java-extensions-protobuf/2.19.0/beam-sdks-java-extensions-protobuf-2.19.0.jar:/Users/hgo2/.m2/repository/com/google/cloud/bigdataoss/util/1.9.16/util-1.9.16.jar:/Users/hgo2/.m2/repository/com/google/api-client/google-api-client-java6/1.27.0/google-api-client-java6-1.27.0.jar:/Users/hgo2/.m2/repository/com/google/api-client/google-api-client-jackson2/1.27.0/google-api-client-jackson2-1.27.0.jar:/Users/hgo2/.m2/repository/com/google/oauth-client/google-oauth-client/1.27.0/google-oauth-client-1.27.0.jar:/Users/hgo2/.m2/repository/com/google/oauth-client/google-oauth-client-java6/1.27.0/google-oauth-client-java6-1.27.0.jar:/Users/hgo2/.m2/repository/com/google/flogger/google-extensions/0.3.1/google-extensions-0.3.1.jar:/Users/hgo2/.m2/repository/com/google/flogger/flogger/0.3.1/flogger-0.3.1.jar:/Users/hgo2/.m2/repository/com/google/flogger/flogger-system-backend/0.3.1/flogger-system-backend-0.3.1.jar:/Users/hgo2/.m2/repository/com/google/api-client/google-api-client/1.28.0/google-api-client-1.28.0.jar:/Users/hgo2/.m2/repository/com/google/http-client/google-http-client-apache/2.0.0/google-http-client-apache-2.0.0.jar:/Users/hgo2/.m2/repository/org/apache/httpcomponents/httpclient/4.5.5/httpclient-4.5.5.jar:/Users/hgo2/.m2/repository/org/apache/httpcomponents/httpcore/4.4.9/httpcore-4.4.9.jar:/Users/hgo2/.m2/repository/commons-codec/commons-codec/1.10/commons-codec-1.10.jar:/Users/hgo2/.m2/repository/com/google/apis/google-api-services-bigquery/v2-rev20181221-1.28.0/google-api-services-bigquery-v2-rev20181221-1.28.0.jar:/Users/hgo2/.m2/repository/com/google/apis/google-api-services-pubsub/v1-rev20191111-1.28.0/google-api-services-pubsub-v1-rev20191111-1.28.0.jar:/Users/hgo2/.m2/repository/com/google/auth/google-auth-library-credentials/0.19.0/google-auth-library-credentials-0.19.0.jar:/Users/hgo2/.m2/repository/com/google/auth/google-auth-library-oauth2-http/0.19.0/google-auth-library-oauth2-http-0.19.0.jar:/Users/hgo2/.m2/repository/com/google/cloud/google-cloud-bigquerystorage/0.79.0-alpha/google-cloud-bigquerystorage-0.79.0-alpha.jar:/Users/hgo2/.m2/repository/com/google/api/grpc/grpc-google-cloud-bigquerystorage-v1beta1/0.44.0/grpc-google-cloud-bigquerystorage-v1beta1-0.44.0.jar:/Users/hgo2/.m2/repository/javax/annotation/javax.annotation-api/1.2/javax.annotation-api-1.2.jar:/Users/hgo2/.m2/repository/com/google/cloud/bigtable/bigtable-client-core/1.8.0/bigtable-client-core-1.8.0.jar:/Users/hgo2/.m2/repository/com/google/cloud/google-cloud-bigtable/0.73.0-alpha/google-cloud-bigtable-0.73.0-alpha.jar:/Users/hgo2/.m2/repository/com/google/cloud/google-cloud-bigtable-admin/0.73.0-alpha/google-cloud-bigtable-admin-0.73.0-alpha.jar:/Users/hgo2/.m2/repository/com/google/api/grpc/grpc-google-common-protos/1.12.0/grpc-google-common-protos-1.12.0.jar:/Users/hgo2/.m2/repository/com/google/api/grpc/proto-google-cloud-bigtable-admin-v2/0.38.0/proto-google-cloud-bigtable-admin-v2-0.38.0.jar:/Users/hgo2/.m2/repository/com/google/api/grpc/grpc-google-cloud-bigtable-v2/0.38.0/grpc-google-cloud-bigtable-v2-0.38.0.jar:/Users/hgo2/.m2/repository/com/google/api/grpc/grpc-google-cloud-bigtable-admin-v2/0.38.0/grpc-google-cloud-bigtable-admin-v2-0.38.0.jar:/Users/hgo2/.m2/repository/commons-logging/commons-logging/1.2/commons-logging-1.2.jar:/Users/hgo2/.m2/repository/com/google/cloud/google-cloud-core-http/1.55.0/google-cloud-core-http-1.55.0.jar:/Users/hgo2/.m2/repository/com/google/http-client/google-http-client-appengine/1.27.0/google-http-client-appengine-1.27.0.jar:/Users/hgo2/.m2/repository/com/google/api/gax-httpjson/0.52.0/gax-httpjson-0.52.0.jar:/Users/hgo2/.m2/repository/io/opencensus/opencensus-contrib-grpc-util/0.15.0/opencensus-contrib-grpc-util-0.15.0.jar:/Users/hgo2/.m2/repository/io/dropwizard/metrics/metrics-core/3.1.2/metrics-core-3.1.2.jar:/Users/hgo2/.m2/repository/com/google/cloud/google-cloud-core/1.61.0/google-cloud-core-1.61.0.jar:/Users/hgo2/.m2/repository/com/google/protobuf/protobuf-java-util/3.6.1/protobuf-java-util-3.6.1.jar:/Users/hgo2/.m2/repository/com/google/cloud/google-cloud-core-grpc/1.61.0/google-cloud-core-grpc-1.61.0.jar:/Users/hgo2/.m2/repository/com/google/cloud/datastore/datastore-v1-proto-client/1.6.3/datastore-v1-proto-client-1.6.3.jar:/Users/hgo2/.m2/repository/com/google/http-client/google-http-client-protobuf/1.33.0/google-http-client-protobuf-1.33.0.jar:/Users/hgo2/.m2/repository/com/google/cloud/google-cloud-spanner/1.6.0/google-cloud-spanner-1.6.0.jar:/Users/hgo2/.m2/repository/com/google/api/grpc/proto-google-cloud-spanner-v1/1.6.0/proto-google-cloud-spanner-v1-1.6.0.jar:/Users/hgo2/.m2/repository/com/google/api/grpc/proto-google-cloud-spanner-admin-instance-v1/1.6.0/proto-google-cloud-spanner-admin-instance-v1-1.6.0.jar:/Users/hgo2/.m2/repository/com/google/api/grpc/grpc-google-cloud-spanner-v1/1.6.0/grpc-google-cloud-spanner-v1-1.6.0.jar:/Users/hgo2/.m2/repository/com/google/api/grpc/grpc-google-cloud-spanner-admin-database-v1/1.6.0/grpc-google-cloud-spanner-admin-database-v1-1.6.0.jar:/Users/hgo2/.m2/repository/com/google/api/grpc/grpc-google-cloud-spanner-admin-instance-v1/1.6.0/grpc-google-cloud-spanner-admin-instance-v1-1.6.0.jar:/Users/hgo2/.m2/repository/com/google/http-client/google-http-client/1.28.0/google-http-client-1.28.0.jar:/Users/hgo2/.m2/repository/com/google/j2objc/j2objc-annotations/1.1/j2objc-annotations-1.1.jar:/Users/hgo2/.m2/repository/io/opencensus/opencensus-contrib-http-util/0.18.0/opencensus-contrib-http-util-0.18.0.jar:/Users/hgo2/.m2/repository/com/google/http-client/google-http-client-jackson2/1.28.0/google-http-client-jackson2-1.28.0.jar:/Users/hgo2/.m2/repository/com/google/api/grpc/grpc-google-cloud-pubsub-v1/1.83.0/grpc-google-cloud-pubsub-v1-1.83.0.jar:/Users/hgo2/.m2/repository/com/google/guava/guava/25.1-jre/guava-25.1-jre.jar:/Users/hgo2/.m2/repository/org/checkerframework/checker-qual/2.0.0/checker-qual-2.0.0.jar:/Users/hgo2/.m2/repository/org/codehaus/mojo/animal-sniffer-annotations/1.14/animal-sniffer-annotations-1.14.jar:/Users/hgo2/.m2/repository/io/netty/netty-handler/4.1.30.Final/netty-handler-4.1.30.Final.jar:/Users/hgo2/.m2/repository/io/netty/netty-buffer/4.1.30.Final/netty-buffer-4.1.30.Final.jar:/Users/hgo2/.m2/repository/io/netty/netty-common/4.1.30.Final/netty-common-4.1.30.Final.jar:/Users/hgo2/.m2/repository/io/netty/netty-transport/4.1.30.Final/netty-transport-4.1.30.Final.jar:/Users/hgo2/.m2/repository/io/netty/netty-resolver/4.1.30.Final/netty-resolver-4.1.30.Final.jar:/Users/hgo2/.m2/repository/io/netty/netty-codec/4.1.30.Final/netty-codec-4.1.30.Final.jar:/Users/hgo2/.m2/repository/io/netty/netty-tcnative-boringssl-static/2.0.17.Final/netty-tcnative-boringssl-static-2.0.17.Final.jar:/Users/hgo2/.m2/repository/com/google/api/grpc/proto-google-cloud-bigquerystorage-v1beta1/0.83.0/proto-google-cloud-bigquerystorage-v1beta1-0.83.0.jar:/Users/hgo2/.m2/repository/com/google/api/grpc/proto-google-cloud-bigtable-v2/0.44.0/proto-google-cloud-bigtable-v2-0.44.0.jar:/Users/hgo2/.m2/repository/com/google/api/grpc/proto-google-cloud-datastore-v1/0.44.0/proto-google-cloud-datastore-v1-0.44.0.jar:/Users/hgo2/.m2/repository/com/google/api/grpc/proto-google-cloud-pubsub-v1/1.83.0/proto-google-cloud-pubsub-v1-1.83.0.jar:/Users/hgo2/.m2/repository/com/google/api/grpc/proto-google-cloud-spanner-admin-database-v1/1.6.0/proto-google-cloud-spanner-admin-database-v1-1.6.0.jar:/Users/hgo2/.m2/repository/com/google/api/grpc/proto-google-common-protos/1.17.0/proto-google-common-protos-1.17.0.jar:/Users/hgo2/.m2/repository/com/google/protobuf/protobuf-java/3.11.1/protobuf-java-3.11.1.jar:/Users/hgo2/.m2/repository/org/apache/beam/beam-sdks-java-io-jdbc/2.19.0/beam-sdks-java-io-jdbc-2.19.0.jar:/Users/hgo2/.m2/repository/org/apache/commons/commons-dbcp2/2.6.0/commons-dbcp2-2.6.0.jar:/Users/hgo2/.m2/repository/org/apache/commons/commons-pool2/2.6.1/commons-pool2-2.6.1.jar:/Users/hgo2/.m2/repository/org/apache/beam/beam-runners-google-cloud-dataflow-java/2.19.0/beam-runners-google-cloud-dataflow-java-2.19.0.jar:/Users/hgo2/.m2/repository/org/apache/beam/beam-runners-core-construction-java/2.19.0/beam-runners-core-construction-java-2.19.0.jar:/Users/hgo2/.m2/repository/io/github/classgraph/classgraph/4.8.56/classgraph-4.8.56.jar:/Users/hgo2/.m2/repository/com/google/apis/google-api-services-clouddebugger/v2-rev20181114-1.28.0/google-api-services-clouddebugger-v2-rev20181114-1.28.0.jar:/Users/hgo2/.m2/repository/com/google/apis/google-api-services-dataflow/v1b3-rev20190927-1.28.0/google-api-services-dataflow-v1b3-rev20190927-1.28.0.jar:/Users/hgo2/.m2/repository/com/google/apis/google-api-services-storage/v1-rev20181109-1.28.0/google-api-services-storage-v1-rev20181109-1.28.0.jar:/Users/hgo2/.m2/repository/org/apache/beam/beam-vendor-grpc-1_21_0/0.1/beam-vendor-grpc-1_21_0-0.1.jar:/Users/hgo2/.m2/repository/org/apache/beam/beam-sdks-java-io-jms/2.19.0/beam-sdks-java-io-jms-2.19.0.jar:/Users/hgo2/.m2/repository/org/apache/geronimo/specs/geronimo-jms_1.1_spec/1.1.1/geronimo-jms_1.1_spec-1.1.1.jar:/Users/hgo2/.m2/repository/org/apache/beam/beam-runners-direct-java/2.19.0/beam-runners-direct-java-2.19.0.jar:/Users/hgo2/.m2/repository/args4j/args4j/2.33/args4j-2.33.jar:/Users/hgo2/.m2/repository/com/tibco/tibjms/8.5.1/tibjms-8.5.1.jar:/Users/hgo2/.m2/repository/com/tibco/jms-2.0/8.5.1/jms-2.0-8.5.1.jar:/Users/hgo2/.m2/repository/org/apache/commons/commons-csv/1.5/commons-csv-1.5.jar:/Users/hgo2/.m2/repository/org/everit/json/org.everit.json.schema/1.5.1/org.everit.json.schema-1.5.1.jar:/Users/hgo2/.m2/repository/org/json/json/20160810/json-20160810.jar:/Users/hgo2/.m2/repository/commons-validator/commons-validator/1.5.1/commons-validator-1.5.1.jar:/Users/hgo2/.m2/repository/commons-beanutils/commons-beanutils/1.9.2/commons-beanutils-1.9.2.jar:/Users/hgo2/.m2/repository/commons-digester/commons-digester/1.8.1/commons-digester-1.8.1.jar:/Users/hgo2/.m2/repository/commons-collections/commons-collections/3.2.2/commons-collections-3.2.2.jar:/Users/hgo2/.m2/repository/com/fasterxml/jackson/core/jackson-core/2.10.2/jackson-core-2.10.2.jar:/Users/hgo2/.m2/repository/com/fasterxml/jackson/datatype/jackson-datatype-jsr310/2.10.2/jackson-datatype-jsr310-2.10.2.jar:/Users/hgo2/.m2/repository/io/vavr/vavr-jackson/0.10.2/vavr-jackson-0.10.2.jar:/Users/hgo2/.m2/repository/io/opencensus/opencensus-api/0.24.0/opencensus-api-0.24.0.jar:/Users/hgo2/.m2/repository/io/grpc/grpc-context/1.22.1/grpc-context-1.22.1.jar:/Users/hgo2/.m2/repository/org/apache/activemq/activemq-all/5.15.11/activemq-all-5.15.11.jar:/Users/hgo2/.m2/repository/io/vavr/vavr/0.10.2/vavr-0.10.2.jar:/Users/hgo2/.m2/repository/io/vavr/vavr-match/0.10.2/vavr-match-0.10.2.jar:/Users/hgo2/.m2/repository/com/fasterxml/jackson/dataformat/jackson-dataformat-xml/2.10.2/jackson-dataformat-xml-2.10.2.jar:/Users/hgo2/.m2/repository/com/fasterxml/jackson/module/jackson-module-jaxb-annotations/2.10.2/jackson-module-jaxb-annotations-2.10.2.jar:/Users/hgo2/.m2/repository/jakarta/xml/bind/jakarta.xml.bind-api/2.3.2/jakarta.xml.bind-api-2.3.2.jar:/Users/hgo2/.m2/repository/jakarta/activation/jakarta.activation-api/1.2.1/jakarta.activation-api-1.2.1.jar:/Users/hgo2/.m2/repository/org/codehaus/woodstox/stax2-api/4.2/stax2-api-4.2.jar:/Users/hgo2/.m2/repository/com/fasterxml/woodstox/woodstox-core/6.0.3/woodstox-core-6.0.3.jar:/Users/hgo2/.m2/repository/com/google/auto/service/auto-service/1.0-rc6/auto-service-1.0-rc6.jar:/Users/hgo2/.m2/repository/com/google/auto/service/auto-service-annotations/1.0-rc6/auto-service-annotations-1.0-rc6.jar:/Users/hgo2/.m2/repository/com/google/auto/auto-common/0.10/auto-common-0.10.jar:/Users/hgo2/.m2/repository/com/google/cloud/google-cloud-secretmanager/0.3.0/google-cloud-secretmanager-0.3.0.jar:/Users/hgo2/.m2/repository/io/grpc/grpc-api/1.27.2/grpc-api-1.27.2.jar:/Users/hgo2/.m2/repository/io/grpc/grpc-stub/1.27.2/grpc-stub-1.27.2.jar:/Users/hgo2/.m2/repository/com/google/api/api-common/1.8.1/api-common-1.8.1.jar:/Users/hgo2/.m2/repository/com/google/api/grpc/proto-google-iam-v1/0.13.0/proto-google-iam-v1-0.13.0.jar:/Users/hgo2/.m2/repository/com/google/api/grpc/proto-google-cloud-secretmanager-v1/0.3.0/proto-google-cloud-secretmanager-v1-0.3.0.jar:/Users/hgo2/.m2/repository/com/google/api/grpc/proto-google-cloud-secretmanager-v1beta1/0.3.0/proto-google-cloud-secretmanager-v1beta1-0.3.0.jar:/Users/hgo2/.m2/repository/com/google/api/gax/1.54.0/gax-1.54.0.jar:/Users/hgo2/.m2/repository/com/google/api/gax-grpc/1.54.0/gax-grpc-1.54.0.jar:/Users/hgo2/.m2/repository/io/grpc/grpc-auth/1.27.2/grpc-auth-1.27.2.jar:/Users/hgo2/.m2/repository/io/grpc/grpc-netty-shaded/1.27.2/grpc-netty-shaded-1.27.2.jar:/Users/hgo2/.m2/repository/io/grpc/grpc-alts/1.27.2/grpc-alts-1.27.2.jar:/Users/hgo2/.m2/repository/io/grpc/grpc-grpclb/1.27.2/grpc-grpclb-1.27.2.jar:/Users/hgo2/.m2/repository/org/apache/commons/commons-lang3/3.5/commons-lang3-3.5.jar:/Users/hgo2/.m2/repository/org/conscrypt/conscrypt-openjdk-uber/2.2.1/conscrypt-openjdk-uber-2.2.1.jar:/Users/hgo2/.m2/repository/org/threeten/threetenbp/1.4.1/threetenbp-1.4.1.jar:/Users/hgo2/.m2/repository/org/projectlombok/lombok/1.18.12/lombok-1.18.12.jar:/Users/hgo2/.m2/repository/com/oracle/ojdbc8/19.3/ojdbc8-19.3.jar:/Users/hgo2/.m2/repository/com/oracle/ucp/19.3/ucp-19.3.jar:/Users/hgo2/.m2/repository/com/ibm/mq/com.ibm.mq.allclient/9.1.4.0/com.ibm.mq.allclient-9.1.4.0.jar:/Users/hgo2/.m2/repository/org/bouncycastle/bcprov-jdk15on/1.64/bcprov-jdk15on-1.64.jar:/Users/hgo2/.m2/repository/org/bouncycastle/bcpkix-jdk15on/1.64/bcpkix-jdk15on-1.64.jar:/Users/hgo2/.m2/repository/javax/jms/javax.jms-api/2.0.1/javax.jms-api-2.0.1.jar:/Users/hgo2/.m2/repository/org/jvnet/jaxb2_commons/jaxb2-basics-runtime/1.11.1/jaxb2-basics-runtime-1.11.1.jar:/Users/hgo2/.m2/repository/com/google/cloud/google-cloud-pubsub/1.103.1/google-cloud-pubsub-1.103.1.jar:/Users/hgo2/.m2/repository/io/grpc/grpc-core/1.27.2/grpc-core-1.27.2.jar:/Users/hgo2/.m2/repository/com/google/code/gson/gson/2.8.6/gson-2.8.6.jar:/Users/hgo2/.m2/repository/com/google/android/annotations/4.1.1.4/annotations-4.1.1.4.jar:/Users/hgo2/.m2/repository/io/perfmark/perfmark-api/0.19.0/perfmark-api-0.19.0.jar:/Users/hgo2/.m2/repository/com/google/errorprone/error_prone_annotations/2.3.4/error_prone_annotations-2.3.4.jar:/Users/hgo2/.m2/repository/com/google/auto/value/auto-value-annotations/1.7/auto-value-annotations-1.7.jar:/Users/hgo2/.m2/repository/io/grpc/grpc-protobuf/1.27.2/grpc-protobuf-1.27.2.jar:/Users/hgo2/.m2/repository/io/grpc/grpc-protobuf-lite/1.27.2/grpc-protobuf-lite-1.27.2.jar:/Users/hgo2/.m2/repository/org/hamcrest/hamcrest/2.2/hamcrest-2.2.jar:/Users/hgo2/.m2/repository/junit/junit/4.11/junit-4.11.jar:/Users/hgo2/.m2/repository/org/hamcrest/hamcrest-core/1.3/hamcrest-core-1.3.jar:"/>
    <property name="sun.cpu.endian" value="little"/>
    <property name="user.home" value="/Users/hgo2"/>
    <property name="user.language" value="en"/>
    <property name="java.specification.vendor" value="Oracle Corporation"/>
    <property name="java.home" value="/Library/Java/JavaVirtualMachines/jdk1.8.0_211.jdk/Contents/Home/jre"/>
    <property name="basedir" value="/Users/hgo2/IdeaProjects/google-dataflow-pipelines/pubsub-to-gcs/pubsub-item-gcs"/>
    <property name="file.separator" value="/"/>
    <property name="line.separator" value="&#10;"/>
    <property name="java.vm.specification.vendor" value="Oracle Corporation"/>
    <property name="java.specification.name" value="Java Platform API Specification"/>
    <property name="java.awt.graphicsenv" value="sun.awt.CGraphicsEnvironment"/>
    <property name="surefire.real.class.path" value="/Users/hgo2/IdeaProjects/google-dataflow-pipelines/pubsub-to-gcs/pubsub-item-gcs/target/surefire/surefirebooter8806184257227413532.jar"/>
    <property name="sun.boot.class.path" value="/Library/Java/JavaVirtualMachines/jdk1.8.0_211.jdk/Contents/Home/jre/lib/resources.jar:/Library/Java/JavaVirtualMachines/jdk1.8.0_211.jdk/Contents/Home/jre/lib/rt.jar:/Library/Java/JavaVirtualMachines/jdk1.8.0_211.jdk/Contents/Home/jre/lib/sunrsasign.jar:/Library/Java/JavaVirtualMachines/jdk1.8.0_211.jdk/Contents/Home/jre/lib/jsse.jar:/Library/Java/JavaVirtualMachines/jdk1.8.0_211.jdk/Contents/Home/jre/lib/jce.jar:/Library/Java/JavaVirtualMachines/jdk1.8.0_211.jdk/Contents/Home/jre/lib/charsets.jar:/Library/Java/JavaVirtualMachines/jdk1.8.0_211.jdk/Contents/Home/jre/lib/jfr.jar:/Library/Java/JavaVirtualMachines/jdk1.8.0_211.jdk/Contents/Home/jre/classes"/>
    <property name="sun.management.compiler" value="HotSpot 64-Bit Tiered Compilers"/>
    <property name="ftp.nonProxyHosts" value="local|*.local|169.254/16|*.169.254/16"/>
    <property name="java.runtime.version" value="1.8.0_211-b12"/>
    <property name="user.name" value="hgo2"/>
    <property name="path.separator" value=":"/>
    <property name="os.version" value="10.14.3"/>
    <property name="java.endorsed.dirs" value="/Library/Java/JavaVirtualMachines/jdk1.8.0_211.jdk/Contents/Home/jre/lib/endorsed"/>
    <property name="java.runtime.name" value="Java(TM) SE Runtime Environment"/>
    <property name="file.encoding" value="UTF-8"/>
    <property name="java.vm.name" value="Java HotSpot(TM) 64-Bit Server VM"/>
    <property name="localRepository" value="/Users/hgo2/.m2/repository"/>
    <property name="java.vendor.url.bug" value="http://bugreport.sun.com/bugreport/"/>
    <property name="java.io.tmpdir" value="/var/folders/wb/ch7xmr4n3_v8sy9x2pg0v63njdk0zp/T/"/>
    <property name="idea.version" value="2020.2.4"/>
    <property name="java.version" value="1.8.0_211"/>
    <property name="user.dir" value="/Users/hgo2/IdeaProjects/google-dataflow-pipelines/pubsub-to-gcs/pubsub-item-gcs"/>
    <property name="os.arch" value="x86_64"/>
    <property name="java.vm.specification.name" value="Java Virtual Machine Specification"/>
    <property name="java.awt.printerjob" value="sun.lwawt.macosx.CPrinterJob"/>
    <property name="sun.os.patch.level" value="unknown"/>
    <property name="java.library.path" value="/Users/hgo2/Library/Java/Extensions:/Library/Java/Extensions:/Network/Library/Java/Extensions:/System/Library/Java/Extensions:/usr/lib/java:."/>
    <property name="java.vm.info" value="mixed mode"/>
    <property name="java.vendor" value="Oracle Corporation"/>
    <property name="java.vm.version" value="25.211-b12"/>
    <property name="java.ext.dirs" value="/Users/hgo2/Library/Java/Extensions:/Library/Java/JavaVirtualMachines/jdk1.8.0_211.jdk/Contents/Home/jre/lib/ext:/Library/Java/Extensions:/Network/Library/Java/Extensions:/System/Library/Java/Extensions:/usr/lib/java"/>
    <property name="sun.io.unicode.encoding" value="UnicodeBig"/>
    <property name="java.class.version" value="52.0"/>
    <property name="socksNonProxyHosts" value="local|*.local|169.254/16|*.169.254/16"/>
  </properties>
  <testcase name="shouldAnswerWithTrue" classname="com.google.cloud.AppTest" time="0.001"/>
</testsuite>